[bot] [2025-07-01 19:38:42] 2025-07-01 19:38:42,017 - matplotlib.font_manager - INFO - generated new fontManager
[bot] [2025-07-01 19:38:42] 2025-07-01 19:38:42,689 - discord.client - WARNING - PyNaCl is not installed, voice will NOT be supported
[bot] [2025-07-01 19:38:42] 2025-07-01 19:38:42,692 - __main__ - INFO - 🏥 Health check server task created
[bot] [2025-07-01 19:38:42] 2025-07-01 19:38:42,693 - __main__ - INFO - 🔄 Initializing database connection...
[bot] [2025-07-01 19:38:42] 2025-07-01 19:38:42,694 - models.database_config - INFO - ✅ Configured PostgreSQL database engine
[bot] [2025-07-01 19:38:42] 2025-07-01 19:38:42,758 - models.database_config - INFO - ✅ Database connection successful
[bot] [2025-07-01 19:38:42] 2025-07-01 19:38:42,761 - models.database_config - INFO - 📊 PostgreSQL Version: PostgreSQL 17.5 on x86_64-pc-linux-gnu, compiled b...
[bot] [2025-07-01 19:38:42] 2025-07-01 19:38:42,778 - models.database_config - INFO - ✅ Database tables created/verified
[bot] [2025-07-01 19:38:42] 2025-07-01 19:38:42,789 - models.database_config - INFO - 📋 Tables in database: blcs_player_mappings, blcs_player_statistics, player_profiles, scheduling_sessions
[bot] [2025-07-01 19:38:42] 2025-07-01 19:38:42,791 - __main__ - INFO - 🔧 Checking for database migrations...
[bot] [2025-07-01 19:38:42] 2025-07-01 19:38:42,807 - __main__ - INFO - ✅ Database schema is up to date
[bot] [2025-07-01 19:38:42] 2025-07-01 19:38:42,810 - __main__ - INFO - ✅ PostgreSQL database initialized successfully
[bot] [2025-07-01 19:38:42] 2025-07-01 19:38:42,810 - __main__ - INFO - 📊 Connected to PostgreSQL: discord-bot-postgresql-do-user-16248210-0.m.db.ondigitalocean.com:25060
[bot] [2025-07-01 19:38:42] 2025-07-01 19:38:42,810 - __main__ - INFO - ✅ BLCSX ballchasing integration initialized
[bot] [2025-07-01 19:38:42] 2025-07-01 19:38:42,811 - __main__ - INFO -    🎮 BLCSX Stats commands available:
[bot] [2025-07-01 19:38:42] 2025-07-01 19:38:42,811 - __main__ - INFO -    /blcs_profile - Comprehensive player profiles
[bot] [2025-07-01 19:38:42] 2025-07-01 19:38:42,811 - __main__ - INFO -    /blcs_leaderboard - Dominance quotient rankings
[bot] [2025-07-01 19:38:42] 2025-07-01 19:38:42,812 - __main__ - INFO -    /blcs_link - Link ballchasing.com account
[bot] [2025-07-01 19:38:42] 2025-07-01 19:38:42,812 - __main__ - INFO -    /blcs_update - Update stats (admin only)
[bot] [2025-07-01 19:38:42] 2025-07-01 19:38:42,812 - __main__ - INFO - ✅ Traditional ballchasing integration initialized
[bot] [2025-07-01 19:38:42] 2025-07-01 19:38:42,814 - __main__ - INFO - ✅ DraftLotteryCog loaded successfully
[bot] [2025-07-01 19:38:42] 2025-07-01 19:38:42,816 - __main__ - INFO - ✅ PlayerProfilesCog loaded successfully
[bot] [2025-07-01 19:38:42] 2025-07-01 19:38:42,817 - __main__ - INFO - ✅ ProfileLinkingCog loaded successfully
[bot] [2025-07-01 19:38:42] 2025-07-01 19:38:42,819 - __main__ - INFO - ✅ BLCSXProfilesCog loaded successfully
[bot] [2025-07-01 19:38:42] 2025-07-01 19:38:42,820 - __main__ - INFO - ✅ EnhancedProfilesCog loaded successfully
[bot] [2025-07-01 19:38:42] 2025-07-01 19:38:42,894 - cogs.blcsx_stats - INFO - PostgreSQL database initialized for BLCS stats
[bot] [2025-07-01 19:38:42] 2025-07-01 19:38:42,894 - cogs.blcsx_stats - INFO - BLCSX Stats Cog initialized
[bot] [2025-07-01 19:38:42] 2025-07-01 19:38:42,896 - __main__ - INFO - ✅ BLCSXStatsCog loaded successfully
[bot] [2025-07-01 19:38:42] 2025-07-01 19:38:42,897 - __main__ - INFO - 🚀 Starting Discord bot...
[bot] [2025-07-01 19:38:42] 2025-07-01 19:38:42,897 - discord.client - INFO - logging in using static token
[bot] [2025-07-01 19:38:42] 2025-07-01 19:38:42,909 - __main__ - INFO - ✅ Health check server started on port 8080
[bot] [2025-07-01 19:38:43] 2025-07-01 19:38:43,178 - discord.gateway - INFO - Shard ID None has sent the IDENTIFY payload.
[bot] [2025-07-01 19:38:43] 2025-07-01 19:38:43,274 - discord.gateway - INFO - Shard ID None has connected to Gateway: ["gateway-prd-us-east1-c-pq04",{"micros":69076,"calls":["id_created",{"micros":387,"calls":[]},"session_lookup_time",{"micros":306,"calls":[]},"session_lookup_finished",{"micros":12,"calls":[]},"discord-sessions-prd-2-38",{"micros":67442,"calls":["start_session",{"micros":63986,"calls":["discord-api-rpc-5d79975bb9-svslr",{"micros":48916,"calls":["get_user",{"micros":8594},"get_guilds",{"micros":4949},"send_scheduled_deletion_message",{"micros":16},"guild_join_requests",{"micros":3},"authorized_ip_coro",{"micros":16},"pending_payments",{"micros":5476},"apex_experiments",{"micros":982},"user_activities",{"micros":16},"played_application_ids",{"micros":4}]}]},"starting_guild_connect",{"micros":30,"calls":[]},"presence_started",{"micros":222,"calls":[]},"guilds_started",{"micros":92,"calls":[]},"lobbies_started",{"micros":1,"calls":[]},"guilds_connect",{"micros":2,"calls":[]},"presence_connect",{"micros":3093,"calls":[]},"connect_finished",{"micros":3096,"calls":[]},"build_ready",{"micros":12,"calls":[]},"clean_ready",{"micros":1,"calls":[]},"optimize_ready",{"micros":0,"calls":[]},"split_ready",{"micros":1,"calls":[]}]}]}] (Session ID: 85c9ad7c4e94487a8be475df5059dfd1).
[bot] [2025-07-01 19:38:43] Ignoring exception in on_connect
[bot] [2025-07-01 19:38:43] Traceback (most recent call last):
[bot] [2025-07-01 19:38:43]   File "/usr/local/lib/python3.12/site-packages/discord/client.py", line 412, in _run_event
[bot] [2025-07-01 19:38:43]     await coro(*args, **kwargs)
[bot] [2025-07-01 19:38:43]   File "/usr/local/lib/python3.12/site-packages/discord/bot.py", line 1214, in on_connect
[bot] [2025-07-01 19:38:43]     await self.sync_commands()
[bot] [2025-07-01 19:38:43]   File "/usr/local/lib/python3.12/site-packages/discord/bot.py", line 742, in sync_commands
[bot] [2025-07-01 19:38:43]     registered_commands = await self.register_commands(
[bot] [2025-07-01 19:38:43]                           ^^^^^^^^^^^^^^^^^^^^^^^^^^^^^
[bot] [2025-07-01 19:38:43]   File "/usr/local/lib/python3.12/site-packages/discord/bot.py", line 606, in register_commands
[bot] [2025-07-01 19:38:43]     registered = await register("bulk", data, _log=False)
[bot] [2025-07-01 19:38:43]                  ^^^^^^^^^^^^^^^^^^^^^^^^^^^^^^^^^^^^^^^^
[bot] [2025-07-01 19:38:43]   File "/usr/local/lib/python3.12/site-packages/discord/http.py", line 374, in request
[bot] [2025-07-01 19:38:43]     raise HTTPException(response, data)
[bot] [2025-07-01 19:38:43] discord.errors.HTTPException: 400 Bad Request (error code: 50035): Invalid Form Body
[bot] [2025-07-01 19:38:43] In 35: Application command names must be unique
[bot] [2025-07-01 19:38:45] 2025-07-01 19:38:45,299 - __main__ - INFO - ✅ BLCS Bot#6695 has connected to Discord!
[bot] [2025-07-01 19:38:45] 2025-07-01 19:38:45,299 - __main__ - INFO - 📊 Connected to 2 servers
[bot] [2025-07-01 19:38:45] 2025-07-01 19:38:45,300 - __main__ - INFO - ✅ Slash commands auto-synced by py-cord
[bot] [2025-07-01 19:43:34] 2025-07-01 19:43:34,736 - cogs.blcsx_stats - INFO - Admin riainoo | Mulignans (298162654592237579) linked user Bucky | Badgers (426154003051839488) to Ballchasing ID: steam:76561198966482468
[bot] [2025-07-01 19:43:49] 2025-07-01 19:43:49,496 - cogs.blcsx_stats - INFO - Processing group data for blcsx-1-yp2y1hqpvg
[bot] [2025-07-01 19:43:50] 2025-07-01 19:43:50,238 - cogs.blcsx_stats - INFO - Found 6 players
[bot] [2025-07-01 19:43:50] 2025-07-01 19:43:50,238 - cogs.blcsx_stats - ERROR - Error extracting player stats: string indices must be integers, not 'str'
[bot] [2025-07-01 19:43:50] 2025-07-01 19:43:50,241 - cogs.blcsx_stats - ERROR - Error extracting player stats: string indices must be integers, not 'str'
[bot] [2025-07-01 19:43:50] 2025-07-01 19:43:50,242 - cogs.blcsx_stats - ERROR - Error extracting player stats: string indices must be integers, not 'str'
[bot] [2025-07-01 19:43:50] 2025-07-01 19:43:50,242 - cogs.blcsx_stats - ERROR - Error extracting player stats: string indices must be integers, not 'str'
[bot] [2025-07-01 19:43:50] 2025-07-01 19:43:50,242 - cogs.blcsx_stats - ERROR - Error extracting player stats: string indices must be integers, not 'str'
[bot] [2025-07-01 19:43:50] 2025-07-01 19:43:50,243 - cogs.blcsx_stats - ERROR - Error extracting player stats: string indices must be integers, not 'str'
[bot] [2025-07-01 19:43:50] 2025-07-01 19:43:50,243 - cogs.blcsx_stats - INFO - Processed 0 players successfully