[bot] [2025-07-01 21:30:26] 2025-07-01 21:30:26,049 - discord.client - WARNING - PyNaCl is not installed, voice will NOT be supported
[bot] [2025-07-01 21:30:26] 2025-07-01 21:30:26,055 - __main__ - INFO - 🏥 Health check server task created
[bot] [2025-07-01 21:30:26] 2025-07-01 21:30:26,056 - __main__ - INFO - 🔄 Initializing database connection...
[bot] [2025-07-01 21:30:26] 2025-07-01 21:30:26,132 - models.database_config - INFO - ✅ Configured PostgreSQL database engine
[bot] [2025-07-01 21:30:26] 2025-07-01 21:30:26,209 - models.database_config - INFO - ✅ Database connection successful
[bot] [2025-07-01 21:30:26] 2025-07-01 21:30:26,211 - models.database_config - INFO - 📊 PostgreSQL Version: PostgreSQL 17.5 on x86_64-pc-linux-gnu, compiled b...
[bot] [2025-07-01 21:30:26] 2025-07-01 21:30:26,357 - models.database_config - INFO - ✅ Database tables created/verified
[bot] [2025-07-01 21:30:26] 2025-07-01 21:30:26,376 - models.database_config - INFO - 📋 Tables in database: blcs_player_mappings, blcs_player_statistics, player_profiles, scheduling_sessions
[bot] [2025-07-01 21:30:26] 2025-07-01 21:30:26,382 - __main__ - INFO - 🔧 Checking for database migrations...
[bot] [2025-07-01 21:30:26] 2025-07-01 21:30:26,402 - __main__ - INFO - ✅ Database schema is up to date
[bot] [2025-07-01 21:30:26] 2025-07-01 21:30:26,404 - __main__ - INFO - ✅ PostgreSQL database initialized successfully
[bot] [2025-07-01 21:30:26] 2025-07-01 21:30:26,405 - __main__ - INFO - 📊 Connected to PostgreSQL: discord-bot-postgresql-do-user-16248210-0.m.db.ondigitalocean.com:25060
[bot] [2025-07-01 21:30:26] 2025-07-01 21:30:26,405 - __main__ - INFO - ✅ BLCSX ballchasing integration initialized
[bot] [2025-07-01 21:30:26] 2025-07-01 21:30:26,405 - __main__ - INFO -    🎮 BLCSX Stats commands available:
[bot] [2025-07-01 21:30:26] 2025-07-01 21:30:26,406 - __main__ - INFO -    /blcs_profile - Comprehensive player profiles
[bot] [2025-07-01 21:30:26] 2025-07-01 21:30:26,406 - __main__ - INFO -    /blcs_leaderboard - Dominance quotient rankings
[bot] [2025-07-01 21:30:26] 2025-07-01 21:30:26,407 - __main__ - INFO -    /blcs_link - Link ballchasing.com account
[bot] [2025-07-01 21:30:26] 2025-07-01 21:30:26,407 - __main__ - INFO -    /blcs_update - Update stats (admin only)
[bot] [2025-07-01 21:30:26] 2025-07-01 21:30:26,407 - __main__ - INFO - ✅ Traditional ballchasing integration initialized
[bot] [2025-07-01 21:30:26] 2025-07-01 21:30:26,941 - __main__ - INFO - ✅ Loaded cog: season_summary
[bot] [2025-07-01 21:30:26] 2025-07-01 21:30:26,969 - __main__ - INFO - ✅ Loaded cog: series_management
[bot] [2025-07-01 21:30:26] 2025-07-01 21:30:26,974 - __main__ - ERROR - ❌ Failed to load cog cleanup_availability: Extension 'cogs.cleanup_availability' has no 'setup' function.
[bot] [2025-07-01 21:30:27] 2025-07-01 21:30:27,016 - __main__ - ERROR - ❌ Failed to load cog blcsx_stats: Extension 'cogs.blcsx_stats' raised an error: ModuleNotFoundError: No module named 'omegaconf'
[bot] [2025-07-01 21:30:27] 2025-07-01 21:30:27,338 - __main__ - INFO - ✅ Loaded cog: ballchasing
[bot] [2025-07-01 21:30:27] 2025-07-01 21:30:27,342 - __main__ - ERROR - ❌ Failed to load cog schedule_handler: Extension 'cogs.schedule_handler' has no 'setup' function.
[bot] [2025-07-01 21:30:27] 2025-07-01 21:30:27,347 - __main__ - INFO - ✅ Loaded cog: team_management
[bot] [2025-07-01 21:30:27] 2025-07-01 21:30:27,357 - __main__ - ERROR - ❌ Failed to load cog send_images: Extension 'cogs.send_images' raised an error: ModuleNotFoundError: No module named 'config'
[bot] [2025-07-01 21:30:27] 2025-07-01 21:30:27,377 - __main__ - INFO - ✅ Loaded cog: scheduling
[bot] [2025-07-01 21:30:27] 2025-07-01 21:30:27,384 - __main__ - INFO - ✅ Loaded cog: season_management
[bot] [2025-07-01 21:30:27] 2025-07-01 21:30:27,408 - __main__ - INFO - ✅ Loaded cog: playoff_management
[bot] [2025-07-01 21:30:27] 2025-07-01 21:30:27,424 - __main__ - INFO - ✅ Loaded cog: blcs_stats
[bot] [2025-07-01 21:30:27] 2025-07-01 21:30:27,478 - __main__ - ERROR - ❌ Failed to load cog draft_prob: Extension 'cogs.draft_prob' has no 'setup' function.
[bot] [2025-07-01 21:30:27] 2025-07-01 21:30:27,482 - __main__ - INFO - ✅ Loaded cog: admin
[bot] [2025-07-01 21:30:27] 2025-07-01 21:30:27,542 - __main__ - ERROR - ❌ Failed to load cog statistics: Extension 'cogs.statistics' raised an error: ModuleNotFoundError: No module named 'scipy'
[bot] [2025-07-01 21:30:27] 2025-07-01 21:30:27,578 - __main__ - INFO - ✅ Loaded cog: availability
[bot] [2025-07-01 21:30:27] 2025-07-01 21:30:27,579 - __main__ - INFO - 🚀 Starting Discord bot...
[bot] [2025-07-01 21:30:27] 2025-07-01 21:30:27,579 - discord.client - INFO - logging in using static token
[bot] [2025-07-01 21:30:27] 2025-07-01 21:30:27,591 - __main__ - INFO - ✅ Health check server started on port 8080
[bot] [2025-07-01 21:30:28] 2025-07-01 21:30:28,040 - discord.gateway - INFO - Shard ID None has sent the IDENTIFY payload.
[bot] [2025-07-01 21:30:28] 2025-07-01 21:30:28,140 - discord.gateway - INFO - Shard ID None has connected to Gateway: ["gateway-prd-us-east1-b-8npz",{"micros":76461,"calls":["id_created",{"micros":1308,"calls":[]},"session_lookup_time",{"micros":259,"calls":[]},"session_lookup_finished",{"micros":15,"calls":[]},"discord-sessions-prd-2-70",{"micros":74635,"calls":["start_session",{"micros":65001,"calls":["discord-api-rpc-56888585c5-srd78",{"micros":50443,"calls":["get_user",{"micros":6196},"get_guilds",{"micros":14114},"send_scheduled_deletion_message",{"micros":15},"guild_join_requests",{"micros":2},"authorized_ip_coro",{"micros":15},"pending_payments",{"micros":5107},"apex_experiments",{"micros":1214},"user_activities",{"micros":5},"played_application_ids",{"micros":3}]}]},"starting_guild_connect",{"micros":46,"calls":[]},"presence_started",{"micros":282,"calls":[]},"guilds_started",{"micros":95,"calls":[]},"lobbies_started",{"micros":1,"calls":[]},"guilds_connect",{"micros":1,"calls":[]},"presence_connect",{"micros":9191,"calls":[]},"connect_finished",{"micros":9196,"calls":[]},"build_ready",{"micros":12,"calls":[]},"clean_ready",{"micros":0,"calls":[]},"optimize_ready",{"micros":0,"calls":[]},"split_ready",{"micros":1,"calls":[]}]}]}] (Session ID: 00a9bfe098e6d64f81c92918e97f3960).
[bot] [2025-07-01 21:30:30] 2025-07-01 21:30:30,164 - __main__ - INFO - ✅ BLCS Bot#6695 has connected to Discord!
[bot] [2025-07-01 21:30:30] 2025-07-01 21:30:30,165 - __main__ - INFO - 📊 Connected to 2 servers
[bot] [2025-07-01 21:30:30] 2025-07-01 21:30:30,168 - __main__ - INFO - ✅ Slash commands auto-synced by py-cord
