[bot] [2025-07-01 22:17:38] 2025-07-01 22:17:38,749 - discord.client - WARNING - PyNaCl is not installed, voice will NOT be supported
[bot] [2025-07-01 22:17:38] 2025-07-01 22:17:38,754 - __main__ - INFO - 🏥 Health check server task created
[bot] [2025-07-01 22:17:38] 2025-07-01 22:17:38,755 - __main__ - INFO - 🔄 Initializing database connection...
[bot] [2025-07-01 22:17:38] 2025-07-01 22:17:38,756 - models.database_config - INFO - ✅ Configured SQLite database engine (development)
[bot] [2025-07-01 22:17:38] 2025-07-01 22:17:38,759 - models.database_config - INFO - ✅ Database connection successful
[bot] [2025-07-01 22:17:38] 2025-07-01 22:17:38,785 - models.database_config - INFO - ✅ Database tables created/verified
[bot] [2025-07-01 22:17:38] 2025-07-01 22:17:38,787 - models.database_config - INFO - 📋 Tables in database: player_profiles, scheduling_sessions
[bot] [2025-07-01 22:17:38] 2025-07-01 22:17:38,787 - __main__ - INFO - 🔧 Checking for database migrations...
[bot] [2025-07-01 22:17:38] 2025-07-01 22:17:38,788 - __main__ - WARNING - ⚠️ Database migration check failed: (sqlite3.OperationalError) no such table: information_schema.columns
[bot] [2025-07-01 22:17:38] [SQL: 
[bot] [2025-07-01 22:17:38]                     SELECT column_name 
[bot] [2025-07-01 22:17:38]                     FROM information_schema.columns 
[bot] [2025-07-01 22:17:38]                     WHERE table_name = 'player_profiles' 
[bot] [2025-07-01 22:17:38]                     AND column_name = 'ballchasing_platform'
[bot] [2025-07-01 22:17:38]                 ]
[bot] [2025-07-01 22:17:38] (Background on this error at: https://sqlalche.me/e/20/e3q8)
[bot] [2025-07-01 22:17:38] 2025-07-01 22:17:38,789 - __main__ - INFO - ✅ PostgreSQL database initialized successfully
[bot] [2025-07-01 22:17:38] 2025-07-01 22:17:38,789 - __main__ - INFO - 📊 Using SQLite for local development
[bot] [2025-07-01 22:17:38] 2025-07-01 22:17:38,789 - __main__ - WARNING - ⚠️ BALLCHASING_API_KEY not found - BLCSX stats features disabled
[bot] [2025-07-01 22:17:38] 2025-07-01 22:17:38,791 - __main__ - WARNING -    Add BALLCHASING_API_KEY to .env file to enable comprehensive stats
[bot] [2025-07-01 22:17:38] 2025-07-01 22:17:38,791 - __main__ - INFO - ✅ Traditional ballchasing integration initialized
[bot] [2025-07-01 22:17:38] 2025-07-01 22:17:38,793 - __main__ - INFO - ✅ Loaded cog: DraftLotteryCog
[bot] [2025-07-01 22:17:38] 2025-07-01 22:17:38,793 - cogs.blcsx_stats - WARNING - BALLCHASING_API_KEY not set - update features disabled
[bot] [2025-07-01 22:17:38] 2025-07-01 22:17:38,817 - cogs.blcsx_stats - INFO - PostgreSQL database initialized for BLCS stats
[bot] [2025-07-01 22:17:38] 2025-07-01 22:17:38,832 - cogs.blcsx_stats - INFO - BLCSX Stats Cog initialized
[bot] [2025-07-01 22:17:38] 2025-07-01 22:17:38,833 - __main__ - INFO - ✅ Loaded cog: BLCSXStatsCog
[bot] [2025-07-01 22:17:38] 2025-07-01 22:17:38,834 - __main__ - INFO - 🚀 Starting Discord bot...
[bot] [2025-07-01 22:17:38] 2025-07-01 22:17:38,834 - discord.client - INFO - logging in using static token
[bot] [2025-07-01 22:17:38] 2025-07-01 22:17:38,853 - __main__ - INFO - ✅ Health check server started on port 8080
[bot] [2025-07-01 22:17:39] 2025-07-01 22:17:39,125 - discord.gateway - INFO - Shard ID None has sent the IDENTIFY payload.
[bot] [2025-07-01 22:17:39] 2025-07-01 22:17:39,210 - discord.gateway - INFO - Shard ID None has connected to Gateway: ["gateway-prd-us-east1-b-sfb7",{"micros":56479,"calls":["id_created",{"micros":803,"calls":[]},"session_lookup_time",{"micros":1054,"calls":[]},"session_lookup_finished",{"micros":19,"calls":[]},"discord-sessions-prd-2-88",{"micros":54257,"calls":["start_session",{"micros":45122,"calls":["discord-api-rpc-769848db8c-nbdv4",{"micros":33563,"calls":["get_user",{"micros":6054},"get_guilds",{"micros":3709},"send_scheduled_deletion_message",{"micros":60},"guild_join_requests",{"micros":3},"authorized_ip_coro",{"micros":10},"pending_payments",{"micros":3940},"apex_experiments",{"micros":986},"user_activities",{"micros":4},"played_application_ids",{"micros":3}]}]},"starting_guild_connect",{"micros":54,"calls":[]},"presence_started",{"micros":272,"calls":[]},"guilds_started",{"micros":76,"calls":[]},"lobbies_started",{"micros":1,"calls":[]},"guilds_connect",{"micros":1,"calls":[]},"presence_connect",{"micros":8714,"calls":[]},"connect_finished",{"micros":8718,"calls":[]},"build_ready",{"micros":12,"calls":[]},"clean_ready",{"micros":1,"calls":[]},"optimize_ready",{"micros":0,"calls":[]},"split_ready",{"micros":0,"calls":[]}]}]}] (Session ID: ebc66dc08e7ff28e466d6832af6a583d).
[bot] [2025-07-01 22:17:41] 2025-07-01 22:17:41,228 - __main__ - INFO - ✅ BLCS Bot#6695 has connected to Discord!
[bot] [2025-07-01 22:17:41] 2025-07-01 22:17:41,229 - __main__ - INFO - 📊 Connected to 2 servers
[bot] [2025-07-01 22:17:41] 2025-07-01 22:17:41,229 - __main__ - INFO - ✅ Slash commands auto-synced by py-c