[2025-07-01 21:55:38] 2025-07-01 21:55:38,203 - discord.client - WARNING - PyNaCl is not installed, voice will NOT be supported
[2025-07-01 21:55:38] 2025-07-01 21:55:38,209 - __main__ - INFO - 🏥 Health check server task created
[2025-07-01 21:55:38] 2025-07-01 21:55:38,210 - __main__ - INFO - 🔄 Initializing database connection...
[2025-07-01 21:55:38] 2025-07-01 21:55:38,316 - models.database_config - INFO - ✅ Configured PostgreSQL database engine
[2025-07-01 21:55:38] 2025-07-01 21:55:38,400 - models.database_config - INFO - ✅ Database connection successful
[2025-07-01 21:55:38] 2025-07-01 21:55:38,403 - models.database_config - INFO - 📊 PostgreSQL Version: PostgreSQL 17.5 on x86_64-pc-linux-gnu, compiled b...
[2025-07-01 21:55:38] 2025-07-01 21:55:38,512 - models.database_config - INFO - ✅ Database tables created/verified
[2025-07-01 21:55:38] 2025-07-01 21:55:38,525 - models.database_config - INFO - 📋 Tables in database: blcs_player_mappings, blcs_player_statistics, player_profiles, scheduling_sessions
[2025-07-01 21:55:38] 2025-07-01 21:55:38,528 - __main__ - INFO - 🔧 Checking for database migrations...
[2025-07-01 21:55:38] 2025-07-01 21:55:38,552 - __main__ - INFO - ✅ Database schema is up to date
[2025-07-01 21:55:38] 2025-07-01 21:55:38,555 - __main__ - INFO - ✅ PostgreSQL database initialized successfully
[2025-07-01 21:55:38] 2025-07-01 21:55:38,555 - __main__ - INFO - 📊 Connected to PostgreSQL: discord-bot-postgresql-do-user-16248210-0.m.db.ondigitalocean.com:25060
[2025-07-01 21:55:38] 2025-07-01 21:55:38,555 - __main__ - INFO - ✅ BLCSX ballchasing integration initialized
[2025-07-01 21:55:38] 2025-07-01 21:55:38,555 - __main__ - INFO -    🎮 BLCSX Stats commands available:
[2025-07-01 21:55:38] 2025-07-01 21:55:38,558 - __main__ - INFO -    /blcs_profile - Comprehensive player profiles
[2025-07-01 21:55:38] 2025-07-01 21:55:38,558 - __main__ - INFO -    /blcs_leaderboard - Dominance quotient rankings
[2025-07-01 21:55:38] 2025-07-01 21:55:38,559 - __main__ - INFO -    /blcs_link - Link ballchasing.com account
[2025-07-01 21:55:38] 2025-07-01 21:55:38,560 - __main__ - INFO -    /blcs_update - Update stats (admin only)
[2025-07-01 21:55:38] 2025-07-01 21:55:38,560 - __main__ - INFO - ✅ Traditional ballchasing integration initialized
[2025-07-01 21:55:38] 2025-07-01 21:55:38,929 - __main__ - INFO - ✅ Loaded cog: season_summary
[2025-07-01 21:55:38] 2025-07-01 21:55:38,953 - __main__ - INFO - ✅ Loaded cog: series_management
[2025-07-01 21:55:38] 2025-07-01 21:55:38,957 - __main__ - ERROR - ❌ Failed to load cog cleanup_availability: Extension 'cogs.cleanup_availability' has no 'setup' function.
[2025-07-01 21:55:39] 2025-07-01 21:55:39,277 - cogs.blcsx_stats - INFO - PostgreSQL database initialized for BLCS stats
[2025-07-01 21:55:39] 2025-07-01 21:55:39,279 - __main__ - ERROR - ❌ Failed to load cog blcsx_stats: Extension 'cogs.blcsx_stats' raised an error: FileNotFoundError: [Errno 2] No such file or directory: '/shared/config/conf/blcsx_calculator_config.yaml'
[2025-07-01 21:55:39] 2025-07-01 21:55:39,527 - __main__ - INFO - ✅ Loaded cog: ballchasing
[2025-07-01 21:55:39] 2025-07-01 21:55:39,531 - __main__ - ERROR - ❌ Failed to load cog schedule_handler: Extension 'cogs.schedule_handler' has no 'setup' function.
[2025-07-01 21:55:39] 2025-07-01 21:55:39,540 - __main__ - INFO - ✅ Loaded cog: team_management
[2025-07-01 21:55:39] 2025-07-01 21:55:39,547 - __main__ - ERROR - ❌ Failed to load cog send_images: Extension 'cogs.send_images' raised an error: ModuleNotFoundError: No module named 'config'
[2025-07-01 21:55:39] 2025-07-01 21:55:39,576 - __main__ - INFO - ✅ Loaded cog: scheduling
[2025-07-01 21:55:39] 2025-07-01 21:55:39,590 - __main__ - INFO - ✅ Loaded cog: season_management
[2025-07-01 21:55:39] 2025-07-01 21:55:39,598 - __main__ - INFO - ✅ Loaded cog: playoff_management
[2025-07-01 21:55:39] 2025-07-01 21:55:39,608 - __main__ - INFO - ✅ Loaded cog: blcs_stats
[2025-07-01 21:55:39] 2025-07-01 21:55:39,663 - __main__ - ERROR - ❌ Failed to load cog draft_prob: Extension 'cogs.draft_prob' has no 'setup' function.
[2025-07-01 21:55:39] 2025-07-01 21:55:39,671 - __main__ - INFO - ✅ Loaded cog: admin
[2025-07-01 21:55:39] 2025-07-01 21:55:39,739 - __main__ - ERROR - ❌ Failed to load cog statistics: Extension 'cogs.statistics' raised an error: ModuleNotFoundError: No module named 'scipy'
[2025-07-01 21:55:39] 2025-07-01 21:55:39,759 - __main__ - INFO - ✅ Loaded cog: availability
[2025-07-01 21:55:39] 2025-07-01 21:55:39,760 - __main__ - INFO - 🚀 Starting Discord bot...
[2025-07-01 21:55:39] 2025-07-01 21:55:39,760 - discord.client - INFO - logging in using static token
[2025-07-01 21:55:39] 2025-07-01 21:55:39,769 - __main__ - INFO - ✅ Health check server started on port 8080
[2025-07-01 21:55:40] 2025-07-01 21:55:40,063 - discord.gateway - INFO - Shard ID None has sent the IDENTIFY payload.
[2025-07-01 21:55:40] 2025-07-01 21:55:40,177 - discord.gateway - INFO - Shard ID None has connected to Gateway: ["gateway-prd-us-east1-c-m6hn",{"micros":91195,"calls":["id_created",{"micros":1191,"calls":[]},"session_lookup_time",{"micros":327,"calls":[]},"session_lookup_finished",{"micros":14,"calls":[]},"discord-sessions-prd-2-185",{"micros":89242,"calls":["start_session",{"micros":60795,"calls":["discord-api-rpc-769848db8c-z5n7m",{"micros":44027,"calls":["get_user",{"micros":5499},"get_guilds",{"micros":3225},"send_scheduled_deletion_message",{"micros":14},"guild_join_requests",{"micros":1226},"authorized_ip_coro",{"micros":14},"pending_payments",{"micros":5177},"apex_experiments",{"micros":3278},"user_activities",{"micros":5},"played_application_ids",{"micros":3}]}]},"starting_guild_connect",{"micros":56,"calls":[]},"presence_started",{"micros":8918,"calls":[]},"guilds_started",{"micros":87,"calls":[]},"lobbies_started",{"micros":0,"calls":[]},"guilds_connect",{"micros":1,"calls":[]},"presence_connect",{"micros":19359,"calls":[]},"connect_finished",{"micros":19364,"calls":[]},"build_ready",{"micros":19,"calls":[]},"clean_ready",{"micros":1,"calls":[]},"optimize_ready",{"micros":0,"calls":[]},"split_ready",{"micros":1,"calls":[]}]}]}] (Session ID: adb182dd32697f7759d28a5fa83c68ba).
[2025-07-01 21:55:42] 2025-07-01 21:55:42,195 - __main__ - INFO - ✅ BLCS Bot#6695 has connected to Discord!
[2025-07-01 21:55:42] 2025-07-01 21:55:42,195 - __main__ - INFO - 📊 Connected to 2 servers
[2025-07-01 21:55:42] 2025-07-01 21:55:42,196 - __main__ - INFO - ✅ Slash commands auto-synced by py-cord
[]