[bot] [2025-07-01 21:40:58] 2025-07-01 21:40:58,459 - discord.client - WARNING - PyNaCl is not installed, voice will NOT be supported
[bot] [2025-07-01 21:40:58] 2025-07-01 21:40:58,462 - __main__ - INFO - 🏥 Health check server task created
[bot] [2025-07-01 21:40:58] 2025-07-01 21:40:58,462 - __main__ - INFO - 🔄 Initializing database connection...
[bot] [2025-07-01 21:40:58] 2025-07-01 21:40:58,563 - models.database_config - INFO - ✅ Configured PostgreSQL database engine
[bot] [2025-07-01 21:40:58] 2025-07-01 21:40:58,652 - models.database_config - INFO - ✅ Database connection successful
[bot] [2025-07-01 21:40:58] 2025-07-01 21:40:58,654 - models.database_config - INFO - 📊 PostgreSQL Version: PostgreSQL 17.5 on x86_64-pc-linux-gnu, compiled b...
[bot] [2025-07-01 21:40:58] 2025-07-01 21:40:58,753 - models.database_config - INFO - ✅ Database tables created/verified
[bot] [2025-07-01 21:40:58] 2025-07-01 21:40:58,763 - models.database_config - INFO - 📋 Tables in database: blcs_player_mappings, blcs_player_statistics, player_profiles, scheduling_sessions
[bot] [2025-07-01 21:40:58] 2025-07-01 21:40:58,765 - __main__ - INFO - 🔧 Checking for database migrations...
[bot] [2025-07-01 21:40:58] 2025-07-01 21:40:58,779 - __main__ - INFO - ✅ Database schema is up to date
[bot] [2025-07-01 21:40:58] 2025-07-01 21:40:58,782 - __main__ - INFO - ✅ PostgreSQL database initialized successfully
[bot] [2025-07-01 21:40:58] 2025-07-01 21:40:58,783 - __main__ - INFO - 📊 Connected to PostgreSQL: discord-bot-postgresql-do-user-16248210-0.m.db.ondigitalocean.com:25060
[bot] [2025-07-01 21:40:58] 2025-07-01 21:40:58,784 - __main__ - INFO - ✅ BLCSX ballchasing integration initialized
[bot] [2025-07-01 21:40:58] 2025-07-01 21:40:58,784 - __main__ - INFO -    🎮 BLCSX Stats commands available:
[bot] [2025-07-01 21:40:58] 2025-07-01 21:40:58,784 - __main__ - INFO -    /blcs_profile - Comprehensive player profiles
[bot] [2025-07-01 21:40:58] 2025-07-01 21:40:58,784 - __main__ - INFO -    /blcs_leaderboard - Dominance quotient rankings
[bot] [2025-07-01 21:40:58] 2025-07-01 21:40:58,784 - __main__ - INFO -    /blcs_link - Link ballchasing.com account
[bot] [2025-07-01 21:40:58] 2025-07-01 21:40:58,784 - __main__ - INFO -    /blcs_update - Update stats (admin only)
[bot] [2025-07-01 21:40:58] 2025-07-01 21:40:58,785 - __main__ - INFO - ✅ Traditional ballchasing integration initialized
[bot] [2025-07-01 21:40:59] 2025-07-01 21:40:59,244 - __main__ - INFO - ✅ Loaded cog: season_summary
[bot] [2025-07-01 21:40:59] 2025-07-01 21:40:59,268 - __main__ - INFO - ✅ Loaded cog: series_management
[bot] [2025-07-01 21:40:59] 2025-07-01 21:40:59,278 - __main__ - ERROR - ❌ Failed to load cog cleanup_availability: Extension 'cogs.cleanup_availability' has no 'setup' function.
[bot] [2025-07-01 21:40:59] 2025-07-01 21:40:59,590 - cogs.blcsx_stats - INFO - PostgreSQL database initialized for BLCS stats
[bot] [2025-07-01 21:40:59] 2025-07-01 21:40:59,591 - __main__ - ERROR - ❌ Failed to load cog blcsx_stats: Extension 'cogs.blcsx_stats' raised an error: FileNotFoundError: [Errno 2] No such file or directory: '/app/shared/config/conf/blcsx_calculator_config.yaml'
[bot] [2025-07-01 21:40:59] 2025-07-01 21:40:59,875 - __main__ - INFO - ✅ Loaded cog: ballchasing
[bot] [2025-07-01 21:40:59] 2025-07-01 21:40:59,878 - __main__ - ERROR - ❌ Failed to load cog schedule_handler: Extension 'cogs.schedule_handler' has no 'setup' function.
[bot] [2025-07-01 21:40:59] 2025-07-01 21:40:59,882 - __main__ - INFO - ✅ Loaded cog: team_management
[bot] [2025-07-01 21:40:59] 2025-07-01 21:40:59,887 - __main__ - ERROR - ❌ Failed to load cog send_images: Extension 'cogs.send_images' raised an error: ModuleNotFoundError: No module named 'config'
[bot] [2025-07-01 21:40:59] 2025-07-01 21:40:59,903 - __main__ - INFO - ✅ Loaded cog: scheduling
[bot] [2025-07-01 21:40:59] 2025-07-01 21:40:59,909 - __main__ - INFO - ✅ Loaded cog: season_management
[bot] [2025-07-01 21:40:59] 2025-07-01 21:40:59,915 - __main__ - INFO - ✅ Loaded cog: playoff_management
[bot] [2025-07-01 21:40:59] 2025-07-01 21:40:59,926 - __main__ - INFO - ✅ Loaded cog: blcs_stats
[bot] [2025-07-01 21:40:59] 2025-07-01 21:40:59,972 - __main__ - ERROR - ❌ Failed to load cog draft_prob: Extension 'cogs.draft_prob' has no 'setup' function.
[bot] [2025-07-01 21:40:59] 2025-07-01 21:40:59,976 - __main__ - INFO - ✅ Loaded cog: admin
[bot] [2025-07-01 21:41:00] 2025-07-01 21:41:00,019 - __main__ - ERROR - ❌ Failed to load cog statistics: Extension 'cogs.statistics' raised an error: ModuleNotFoundError: No module named 'scipy'
[bot] [2025-07-01 21:41:00] 2025-07-01 21:41:00,031 - __main__ - INFO - ✅ Loaded cog: availability
[bot] [2025-07-01 21:41:00] 2025-07-01 21:41:00,031 - __main__ - INFO - 🚀 Starting Discord bot...
[bot] [2025-07-01 21:41:00] 2025-07-01 21:41:00,031 - discord.client - INFO - logging in using static token
[bot] [2025-07-01 21:41:00] 2025-07-01 21:41:00,041 - __main__ - INFO - ✅ Health check server started on port 8080
[bot] [2025-07-01 21:41:00] 2025-07-01 21:41:00,329 - discord.gateway - INFO - Shard ID None has sent the IDENTIFY payload.
[bot] [2025-07-01 21:41:00] 2025-07-01 21:41:00,630 - discord.gateway - INFO - Shard ID None has connected to Gateway: ["gateway-prd-us-east1-b-7tw3",{"micros":279958,"calls":["id_created",{"micros":746,"calls":[]},"session_lookup_time",{"micros":350,"calls":[]},"session_lookup_finished",{"micros":16,"calls":[]},"discord-sessions-prd-2-61",{"micros":278537,"calls":["start_session",{"micros":271758,"calls":["discord-api-rpc-56888585c5-fkn5t",{"micros":246680,"calls":["get_user",{"micros":42920},"get_guilds",{"micros":9133},"send_scheduled_deletion_message",{"micros":11},"guild_join_requests",{"micros":388},"authorized_ip_coro",{"micros":19},"pending_payments",{"micros":7925},"apex_experiments",{"micros":882},"user_activities",{"micros":51},"played_application_ids",{"micros":4}]}]},"starting_guild_connect",{"micros":49,"calls":[]},"presence_started",{"micros":446,"calls":[]},"guilds_started",{"micros":93,"calls":[]},"lobbies_started",{"micros":1,"calls":[]},"guilds_connect",{"micros":1,"calls":[]},"presence_connect",{"micros":6171,"calls":[]},"connect_finished",{"micros":6176,"calls":[]},"build_ready",{"micros":13,"calls":[]},"clean_ready",{"micros":0,"calls":[]},"optimize_ready",{"micros":0,"calls":[]},"split_ready",{"micros":1,"calls":[]}]}]}] (Session ID: e63fb718d6d7b68e3753adf8250f5e23).
[bot] [2025-07-01 21:41:02] 2025-07-01 21:41:02,650 - __main__ - INFO - ✅ BLCS Bot#6695 has connected to Discord!
[bot] [2025-07-01 21:41:02] 2025-07-01 21:41:02,650 - __main__ - INFO - 📊 Connected to 2 servers
[bot] [2025-07-01 21:41:02] 2025-07-01 21:41:02,650 - __main__ - INFO - ✅ Slash commands auto-synced by py