[bot] [2025-07-01 04:48:12] 2025-07-01 04:48:12,600 - matplotlib.font_manager - INFO - generated new fontManager
[bot] [2025-07-01 04:48:12] 2025-07-01 04:48:12,972 - discord.client - WARNING - PyNaCl is not installed, voice will NOT be supported
[bot] [2025-07-01 04:48:12] 2025-07-01 04:48:12,974 - __main__ - INFO - 🏥 Health check server task created
[bot] [2025-07-01 04:48:12] 2025-07-01 04:48:12,974 - __main__ - INFO - 🔄 Initializing database connection...
[bot] [2025-07-01 04:48:13] 2025-07-01 04:48:13,008 - models.database_config - INFO - ✅ Configured PostgreSQL database engine
[bot] [2025-07-01 04:48:13] 2025-07-01 04:48:13,077 - models.database_config - INFO - ✅ Database connection successful
[bot] [2025-07-01 04:48:13] 2025-07-01 04:48:13,080 - models.database_config - INFO - 📊 PostgreSQL Version: PostgreSQL 17.5 on x86_64-pc-linux-gnu, compiled b...
[bot] [2025-07-01 04:48:13] 2025-07-01 04:48:13,171 - models.database_config - INFO - ✅ Database tables created/verified
[bot] [2025-07-01 04:48:13] 2025-07-01 04:48:13,180 - models.database_config - INFO - 📋 Tables in database: blcs_player_mappings, blcs_player_statistics, player_profiles, scheduling_sessions
[bot] [2025-07-01 04:48:13] 2025-07-01 04:48:13,183 - __main__ - INFO - 🔧 Checking for database migrations...
[bot] [2025-07-01 04:48:13] 2025-07-01 04:48:13,197 - __main__ - INFO - ✅ Database schema is up to date
[bot] [2025-07-01 04:48:13] 2025-07-01 04:48:13,199 - __main__ - INFO - ✅ PostgreSQL database initialized successfully
[bot] [2025-07-01 04:48:13] 2025-07-01 04:48:13,200 - __main__ - INFO - 📊 Connected to PostgreSQL: discord-bot-postgresql-do-user-16248210-0.m.db.ondigitalocean.com:25060
[bot] [2025-07-01 04:48:13] 2025-07-01 04:48:13,200 - __main__ - INFO - ✅ BLCSX ballchasing integration initialized
[bot] [2025-07-01 04:48:13] 2025-07-01 04:48:13,200 - __main__ - INFO -    🎮 BLCSX Stats commands available:
[bot] [2025-07-01 04:48:13] 2025-07-01 04:48:13,200 - __main__ - INFO -    /blcs_profile - Comprehensive player profiles
[bot] [2025-07-01 04:48:13] 2025-07-01 04:48:13,200 - __main__ - INFO -    /blcs_leaderboard - Dominance quotient rankings
[bot] [2025-07-01 04:48:13] 2025-07-01 04:48:13,200 - __main__ - INFO -    /blcs_link - Link ballchasing.com account
[bot] [2025-07-01 04:48:13] 2025-07-01 04:48:13,200 - __main__ - INFO -    /blcs_update - Update stats (admin only)
[bot] [2025-07-01 04:48:13] 2025-07-01 04:48:13,200 - __main__ - INFO - ✅ Traditional ballchasing integration initialized
[bot] [2025-07-01 04:48:13] 2025-07-01 04:48:13,201 - __main__ - INFO - ✅ DraftLotteryCog loaded successfully
[bot] [2025-07-01 04:48:13] 2025-07-01 04:48:13,201 - __main__ - INFO - ✅ PlayerProfilesCog loaded successfully
[bot] [2025-07-01 04:48:13] 2025-07-01 04:48:13,202 - __main__ - INFO - ✅ ProfileLinkingCog loaded successfully
[bot] [2025-07-01 04:48:13] 2025-07-01 04:48:13,203 - __main__ - INFO - ✅ BLCSXProfilesCog loaded successfully
[bot] [2025-07-01 04:48:13] 2025-07-01 04:48:13,203 - __main__ - INFO - ✅ EnhancedProfilesCog loaded successfully
[bot] [2025-07-01 04:48:13] 2025-07-01 04:48:13,271 - cogs.blcsx_stats - INFO - PostgreSQL database initialized for BLCS stats
[bot] [2025-07-01 04:48:13] 2025-07-01 04:48:13,271 - cogs.blcsx_stats - INFO - BLCSX Stats Cog initialized
[bot] [2025-07-01 04:48:13] 2025-07-01 04:48:13,272 - __main__ - INFO - ✅ BLCSXStatsCog loaded successfully
[bot] [2025-07-01 04:48:13] 2025-07-01 04:48:13,272 - __main__ - INFO - 🚀 Starting Discord bot...
[bot] [2025-07-01 04:48:13] 2025-07-01 04:48:13,272 - discord.client - INFO - logging in using static token
[bot] [2025-07-01 04:48:13] 2025-07-01 04:48:13,284 - __main__ - INFO - ✅ Health check server started on port 8080
[bot] [2025-07-01 04:48:13] 2025-07-01 04:48:13,533 - discord.gateway - INFO - Shard ID None has sent the IDENTIFY payload.
[bot] [2025-07-01 04:48:13] 2025-07-01 04:48:13,784 - discord.gateway - INFO - Shard ID None has connected to Gateway: ["gateway-prd-us-east1-d-t9xz",{"micros":230155,"calls":["id_created",{"micros":537,"calls":[]},"session_lookup_time",{"micros":1548,"calls":[]},"session_lookup_finished",{"micros":27,"calls":[]},"discord-sessions-prd-2-159",{"micros":227809,"calls":["start_session",{"micros":214890,"calls":["discord-api-rpc-78fbc5b697-27lqn",{"micros":168154,"calls":["get_user",{"micros":18927},"get_guilds",{"micros":3486},"send_scheduled_deletion_message",{"micros":9},"guild_join_requests",{"micros":265},"authorized_ip_coro",{"micros":16},"pending_payments",{"micros":18518},"apex_experiments",{"micros":5},"user_activities",{"micros":10},"played_application_ids",{"micros":2}]}]},"starting_guild_connect",{"micros":27,"calls":[]},"presence_started",{"micros":340,"calls":[]},"guilds_started",{"micros":112,"calls":[]},"lobbies_started",{"micros":1,"calls":[]},"guilds_connect",{"micros":1,"calls":[]},"presence_connect",{"micros":12416,"calls":[]},"connect_finished",{"micros":12421,"calls":[]},"build_ready",{"micros":15,"calls":[]},"clean_ready",{"micros":1,"calls":[]},"optimize_ready",{"micros":0,"calls":[]},"split_ready",{"micros":0,"calls":[]}]}]}] (Session ID: 55c3fd6decbb607f40c7663eed00b4db).
[bot] [2025-07-01 04:48:15] 2025-07-01 04:48:15,797 - __main__ - INFO - ✅ BLCS Bot#6695 has connected to Discord!
[bot] [2025-07-01 04:48:15] 2025-07-01 04:48:15,798 - __main__ - INFO - 📊 Connected to 2 servers
[bot] [2025-07-01 04:48:15] 2025-07-01 04:48:15,798 - __main__ - INFO - ✅ Slash commands auto-synced by py-cord
[bot] [2025-07-01 04:59:40] 2025-07-01 04:59:40,487 - models.player_profile - ERROR - Error creating/updating profile 298162654592237579: (psycopg2.errors.UndefinedFunction) operator does not exist: character varying = bigint
[bot] [2025-07-01 04:59:40] LINE 3: WHERE player_profiles.discord_id = 298162654592237579 
[bot] [2025-07-01 04:59:40]                                          ^
[bot] [2025-07-01 04:59:40] HINT:  No operator matches the given name and argument types. You might need to add explicit type casts.
[bot] [2025-07-01 04:59:40] 
[bot] [2025-07-01 04:59:40] [SQL: SELECT player_profiles.id AS player_profiles_id, player_profiles.discord_id AS player_profiles_discord_id, player_profiles.discord_username AS player_profiles_discord_username, player_profiles.rl_name AS player_profiles_rl_name, player_profiles.steam_id AS player_profiles_steam_id, player_profiles.epic_id AS player_profiles_epic_id, player_profiles.ballchasing_player_id AS player_profiles_ballchasing_player_id, player_profiles.ballchasing_platform AS player_profiles_ballchasing_platform, player_profiles.custom_title AS player_profiles_custom_title, player_profiles.favorite_car AS player_profiles_favorite_car, player_profiles.rank_name AS player_profiles_rank_name, player_profiles.rank_division AS player_profiles_rank_division, player_profiles.mmr AS player_profiles_mmr, player_profiles.age AS player_profiles_age, player_profiles.total_goals AS player_profiles_total_goals, player_profiles.total_saves AS player_profiles_total_saves, player_profiles.total_shots AS player_profiles_total_shots, player_profiles.total_score AS player_profiles_total_score, player_profiles.total_assists AS player_profiles_total_assists, player_profiles.games_played AS player_profiles_games_played, player_profiles.wins AS player_profiles_wins, player_profiles.losses AS player_profiles_losses, player_profiles.goal_percentage AS player_profiles_goal_percentage, player_profiles.save_percentage AS player_profiles_save_percentage, player_profiles.win_percentage AS player_profiles_win_percentage, player_profiles.mvp_count AS player_profiles_mvp_count, player_profiles.demos_inflicted AS player_profiles_demos_inflicted, player_profiles.demos_taken AS player_profiles_demos_taken, player_profiles.avg_speed AS player_profiles_avg_speed, player_profiles.dominance_quotient AS player_profiles_dominance_quotient, player_profiles.percentile_rank AS player_profiles_percentile_rank, player_profiles.season_goals AS player_profiles_season_goals, player_profiles.season_saves AS player_profiles_season_saves, player_profiles.season_wins AS player_profiles_season_wins, player_profiles.season_games AS player_profiles_season_games, player_profiles.current_season AS player_profiles_current_season, player_profiles.created_at AS player_profiles_created_at, player_profiles.last_updated AS player_profiles_last_updated, player_profiles.last_game_date AS player_profiles_last_game_date, player_profiles.last_sync_date AS player_profiles_last_sync_date, player_profiles.is_active AS player_profiles_is_active, player_profiles.is_public AS player_profiles_is_public, player_profiles.extra_data AS player_profiles_extra_data 
[bot] [2025-07-01 04:59:40] FROM player_profiles 
[bot] [2025-07-01 04:59:40] WHERE player_profiles.discord_id = %(discord_id_1)s 
[bot] [2025-07-01 04:59:40]  LIMIT %(param_1)s]
[bot] [2025-07-01 04:59:40] [parameters: {'discord_id_1': 298162654592237579, 'param_1': 1}]
[bot] [2025-07-01 04:59:40] (Background on this error at: https://sqlalche.me/e/20/f405)
[bot] [2025-07-01 05:00:06] 2025-07-01 05:00:06,079 - models.player_profile - ERROR - Error creating/updating profile 298162654592237579: (psycopg2.errors.UndefinedFunction) operator does not exist: character varying = bigint
[bot] [2025-07-01 05:00:06] LINE 3: WHERE player_profiles.discord_id = 298162654592237579 
[bot] [2025-07-01 05:00:06]                                          ^
[bot] [2025-07-01 05:00:06] HINT:  No operator matches the given name and argument types. You might need to add explicit type casts.
[bot] [2025-07-01 05:00:06] 
[bot] [2025-07-01 05:00:06] [SQL: SELECT player_profiles.id AS player_profiles_id, player_profiles.discord_id AS player_profiles_discord_id, player_profiles.discord_username AS player_profiles_discord_username, player_profiles.rl_name AS player_profiles_rl_name, player_profiles.steam_id AS player_profiles_steam_id, player_profiles.epic_id AS player_profiles_epic_id, player_profiles.ballchasing_player_id AS player_profiles_ballchasing_player_id, player_profiles.ballchasing_platform AS player_profiles_ballchasing_platform, player_profiles.custom_title AS player_profiles_custom_title, player_profiles.favorite_car AS player_profiles_favorite_car, player_profiles.rank_name AS player_profiles_rank_name, player_profiles.rank_division AS player_profiles_rank_division, player_profiles.mmr AS player_profiles_mmr, player_profiles.age AS player_profiles_age, player_profiles.total_goals AS player_profiles_total_goals, player_profiles.total_saves AS player_profiles_total_saves, player_profiles.total_shots AS player_profiles_total_shots, player_profiles.total_score AS player_profiles_total_score, player_profiles.total_assists AS player_profiles_total_assists, player_profiles.games_played AS player_profiles_games_played, player_profiles.wins AS player_profiles_wins, player_profiles.losses AS player_profiles_losses, player_profiles.goal_percentage AS player_profiles_goal_percentage, player_profiles.save_percentage AS player_profiles_save_percentage, player_profiles.win_percentage AS player_profiles_win_percentage, player_profiles.mvp_count AS player_profiles_mvp_count, player_profiles.demos_inflicted AS player_profiles_demos_inflicted, player_profiles.demos_taken AS player_profiles_demos_taken, player_profiles.avg_speed AS player_profiles_avg_speed, player_profiles.dominance_quotient AS player_profiles_dominance_quotient, player_profiles.percentile_rank AS player_profiles_percentile_rank, player_profiles.season_goals AS player_profiles_season_goals, player_profiles.season_saves AS player_profiles_season_saves, player_profiles.season_wins AS player_profiles_season_wins, player_profiles.season_games AS player_profiles_season_games, player_profiles.current_season AS player_profiles_current_season, player_profiles.created_at AS player_profiles_created_at, player_profiles.last_updated AS player_profiles_last_updated, player_profiles.last_game_date AS player_profiles_last_game_date, player_profiles.last_sync_date AS player_profiles_last_sync_date, player_profiles.is_active AS player_profiles_is_active, player_profiles.is_public AS player_profiles_is_public, player_profiles.extra_data AS player_profiles_extra_data 
[bot] [2025-07-01 05:00:06] FROM player_profiles 
[bot] [2025-07-01 05:00:06] WHERE player_profiles.discord_id = %(discord_id_1)s 
[bot] [2025-07-01 05:00:06]  LIMIT %(param_1)s]
[bot] [2025-07-01 05:00:06] [parameters: {'discord_id_1': 298162654592237579, 'param_1': 1}]
[bot] [2025-07-01 05:00:06] (Background on this error at: https://sqlalche.me/e/20/f405)
[bot] [2025-07-01 05:00:53] 2025-07-01 05:00:53,871 - models.player_profile - ERROR - Error creating/updating profile 298162654592237579: (psycopg2.errors.UndefinedFunction) operator does not exist: character varying = bigint
[bot] [2025-07-01 05:00:53] LINE 3: WHERE player_profiles.discord_id = 298162654592237579 
[bot] [2025-07-01 05:00:53]                                          ^
[bot] [2025-07-01 05:00:53] HINT:  No operator matches the given name and argument types. You might need to add explicit type casts.
[bot] [2025-07-01 05:00:53] 
[bot] [2025-07-01 05:00:53] [SQL: SELECT player_profiles.id AS player_profiles_id, player_profiles.discord_id AS player_profiles_discord_id, player_profiles.discord_username AS player_profiles_discord_username, player_profiles.rl_name AS player_profiles_rl_name, player_profiles.steam_id AS player_profiles_steam_id, player_profiles.epic_id AS player_profiles_epic_id, player_profiles.ballchasing_player_id AS player_profiles_ballchasing_player_id, player_profiles.ballchasing_platform AS player_profiles_ballchasing_platform, player_profiles.custom_title AS player_profiles_custom_title, player_profiles.favorite_car AS player_profiles_favorite_car, player_profiles.rank_name AS player_profiles_rank_name, player_profiles.rank_division AS player_profiles_rank_division, player_profiles.mmr AS player_profiles_mmr, player_profiles.age AS player_profiles_age, player_profiles.total_goals AS player_profiles_total_goals, player_profiles.total_saves AS player_profiles_total_saves, player_profiles.total_shots AS player_profiles_total_shots, player_profiles.total_score AS player_profiles_total_score, player_profiles.total_assists AS player_profiles_total_assists, player_profiles.games_played AS player_profiles_games_played, player_profiles.wins AS player_profiles_wins, player_profiles.losses AS player_profiles_losses, player_profiles.goal_percentage AS player_profiles_goal_percentage, player_profiles.save_percentage AS player_profiles_save_percentage, player_profiles.win_percentage AS player_profiles_win_percentage, player_profiles.mvp_count AS player_profiles_mvp_count, player_profiles.demos_inflicted AS player_profiles_demos_inflicted, player_profiles.demos_taken AS player_profiles_demos_taken, player_profiles.avg_speed AS player_profiles_avg_speed, player_profiles.dominance_quotient AS player_profiles_dominance_quotient, player_profiles.percentile_rank AS player_profiles_percentile_rank, player_profiles.season_goals AS player_profiles_season_goals, player_profiles.season_saves AS player_profiles_season_saves, player_profiles.season_wins AS player_profiles_season_wins, player_profiles.season_games AS player_profiles_season_games, player_profiles.current_season AS player_profiles_current_season, player_profiles.created_at AS player_profiles_created_at, player_profiles.last_updated AS player_profiles_last_updated, player_profiles.last_game_date AS player_profiles_last_game_date, player_profiles.last_sync_date AS player_profiles_last_sync_date, player_profiles.is_active AS player_profiles_is_active, player_profiles.is_public AS player_profiles_is_public, player_profiles.extra_data AS player_profiles_extra_data 
[bot] [2025-07-01 05:00:53] FROM player_profiles 
[bot] [2025-07-01 05:00:53] WHERE player_profiles.discord_id = %(discord_id_1)s 
[bot] [2025-07-01 05:00:53]  LIMIT %(param_1)s]
[bot] [2025-07-01 05:00:53] [parameters: {'discord_id_1': 298162654592237579, 'param_1': 1}]
[bot] [2025-07-01 05:00:53] (Background on this error at: https://sqlalche.me/e/20/f405)