[bot] [2025-07-01 05:04:24] 2025-07-01 05:04:24,467 - matplotlib.font_manager - INFO - generated new fontManager
[bot] [2025-07-01 05:04:25] 2025-07-01 05:04:25,305 - discord.client - WARNING - PyNaCl is not installed, voice will NOT be supported
[bot] [2025-07-01 05:04:25] 2025-07-01 05:04:25,310 - __main__ - INFO - ðŸ¥ Health check server task created
[bot] [2025-07-01 05:04:25] 2025-07-01 05:04:25,310 - __main__ - INFO - ðŸ”„ Initializing database connection...
[bot] [2025-07-01 05:04:25] 2025-07-01 05:04:25,390 - models.database_config - INFO - âœ… Configured PostgreSQL database engine
[bot] [2025-07-01 05:04:25] 2025-07-01 05:04:25,475 - models.database_config - INFO - âœ… Database connection successful
[bot] [2025-07-01 05:04:25] 2025-07-01 05:04:25,479 - models.database_config - INFO - ðŸ“Š PostgreSQL Version: PostgreSQL 17.5 on x86_64-pc-linux-gnu, compiled b...
[bot] [2025-07-01 05:04:25] 2025-07-01 05:04:25,586 - models.database_config - INFO - âœ… Database tables created/verified
[bot] [2025-07-01 05:04:25] 2025-07-01 05:04:25,598 - models.database_config - INFO - ðŸ“‹ Tables in database: blcs_player_mappings, blcs_player_statistics, player_profiles, scheduling_sessions
[bot] [2025-07-01 05:04:25] 2025-07-01 05:04:25,602 - __main__ - INFO - ðŸ”§ Checking for database migrations...
[bot] [2025-07-01 05:04:25] 2025-07-01 05:04:25,622 - __main__ - INFO - âœ… Database schema is up to date
[bot] [2025-07-01 05:04:25] 2025-07-01 05:04:25,624 - __main__ - INFO - âœ… PostgreSQL database initialized successfully
[bot] [2025-07-01 05:04:25] 2025-07-01 05:04:25,624 - __main__ - INFO - ðŸ“Š Connected to PostgreSQL: discord-bot-postgresql-do-user-16248210-0.m.db.ondigitalocean.com:25060
[bot] [2025-07-01 05:04:25] 2025-07-01 05:04:25,625 - __main__ - INFO - âœ… BLCSX ballchasing integration initialized
[bot] [2025-07-01 05:04:25] 2025-07-01 05:04:25,625 - __main__ - INFO -    ðŸŽ® BLCSX Stats commands available:
[bot] [2025-07-01 05:04:25] 2025-07-01 05:04:25,625 - __main__ - INFO -    /blcs_profile - Comprehensive player profiles
[bot] [2025-07-01 05:04:25] 2025-07-01 05:04:25,625 - __main__ - INFO -    /blcs_leaderboard - Dominance quotient rankings
[bot] [2025-07-01 05:04:25] 2025-07-01 05:04:25,625 - __main__ - INFO -    /blcs_link - Link ballchasing.com account
[bot] [2025-07-01 05:04:25] 2025-07-01 05:04:25,626 - __main__ - INFO -    /blcs_update - Update stats (admin only)
[bot] [2025-07-01 05:04:25] 2025-07-01 05:04:25,626 - __main__ - INFO - âœ… Traditional ballchasing integration initialized
[bot] [2025-07-01 05:04:25] 2025-07-01 05:04:25,628 - __main__ - INFO - âœ… DraftLotteryCog loaded successfully
[bot] [2025-07-01 05:04:25] 2025-07-01 05:04:25,629 - __main__ - INFO - âœ… PlayerProfilesCog loaded successfully
[bot] [2025-07-01 05:04:25] 2025-07-01 05:04:25,631 - __main__ - INFO - âœ… ProfileLinkingCog loaded successfully
[bot] [2025-07-01 05:04:25] 2025-07-01 05:04:25,632 - __main__ - INFO - âœ… BLCSXProfilesCog loaded successfully
[bot] [2025-07-01 05:04:25] 2025-07-01 05:04:25,634 - __main__ - INFO - âœ… EnhancedProfilesCog loaded successfully
[bot] [2025-07-01 05:04:25] 2025-07-01 05:04:25,704 - cogs.blcsx_stats - INFO - PostgreSQL database initialized for BLCS stats
[bot] [2025-07-01 05:04:25] 2025-07-01 05:04:25,705 - cogs.blcsx_stats - INFO - BLCSX Stats Cog initialized
[bot] [2025-07-01 05:04:25] 2025-07-01 05:04:25,706 - __main__ - INFO - âœ… BLCSXStatsCog loaded successfully
[bot] [2025-07-01 05:04:25] 2025-07-01 05:04:25,706 - __main__ - INFO - ðŸš€ Starting Discord bot...
[bot] [2025-07-01 05:04:25] 2025-07-01 05:04:25,706 - discord.client - INFO - logging in using static token
[bot] [2025-07-01 05:04:25] 2025-07-01 05:04:25,721 - __main__ - INFO - âœ… Health check server started on port 8080
[bot] [2025-07-01 05:04:25] 2025-07-01 05:04:25,988 - discord.gateway - INFO - Shard ID None has sent the IDENTIFY payload.
[bot] [2025-07-01 05:04:26] 2025-07-01 05:04:26,171 - discord.gateway - INFO - Shard ID None has connected to Gateway: ["gateway-prd-us-east1-c-bv5t",{"micros":161365,"calls":["id_created",{"micros":687,"calls":[]},"session_lookup_time",{"micros":300,"calls":[]},"session_lookup_finished",{"micros":13,"calls":[]},"discord-sessions-prd-2-35",{"micros":160002,"calls":["start_session",{"micros":136386,"calls":["discord-api-rpc-78fbc5b697-v8n4b",{"micros":118039,"calls":["get_user",{"micros":29670},"get_guilds",{"micros":40262},"send_scheduled_deletion_message",{"micros":18},"guild_join_requests",{"micros":3},"authorized_ip_coro",{"micros":13},"pending_payments",{"micros":3208},"apex_experiments",{"micros":6},"user_activities",{"micros":5},"played_application_ids",{"micros":3}]}]},"starting_guild_connect",{"micros":25,"calls":[]},"presence_started",{"micros":299,"calls":[]},"guilds_started",{"micros":101,"calls":[]},"lobbies_started",{"micros":1,"calls":[]},"guilds_connect",{"micros":1,"calls":[]},"presence_connect",{"micros":23153,"calls":[]},"connect_finished",{"micros":23157,"calls":[]},"build_ready",{"micros":31,"calls":[]},"clean_ready",{"micros":0,"calls":[]},"optimize_ready",{"micros":1,"calls":[]},"split_ready",{"micros":0,"calls":[]}]}]}] (Session ID: 4bbe4f3d79b209a8fc740662c5fa8c72).
[bot] [2025-07-01 05:04:28] 2025-07-01 05:04:28,201 - __main__ - INFO - âœ… BLCS Bot#6695 has connected to Discord!
[bot] [2025-07-01 05:04:28] 2025-07-01 05:04:28,202 - __main__ - INFO - ðŸ“Š Connected to 2 servers
[bot] [2025-07-01 05:04:28] 2025-07-01 05:04:28,202 - __main__ - INFO - âœ… Slash commands auto-synced by py-cord
[bot] [2025-07-01 05:10:23] 2025-07-01 05:10:23,256 - models.player_profile - INFO - Created new profile for Discord ID 298162654592237579
[bot] [2025-07-01 05:10:23] 2025-07-01 05:10:23,259 - models.player_profile - ERROR - Error creating/updating profile 298162654592237579: '>' not supported between instances of 'NoneType' and 'int'