[bot] [2025-07-01 07:23:34] 2025-07-01 07:23:34,266 - matplotlib.font_manager - INFO - generated new fontManager
[bot] [2025-07-01 07:23:34] 2025-07-01 07:23:34,725 - discord.client - WARNING - PyNaCl is not installed, voice will NOT be supported
[bot] [2025-07-01 07:23:34] 2025-07-01 07:23:34,728 - __main__ - INFO - 🏥 Health check server task created
[bot] [2025-07-01 07:23:34] 2025-07-01 07:23:34,728 - __main__ - INFO - 🔄 Initializing database connection...
[bot] [2025-07-01 07:23:34] 2025-07-01 07:23:34,767 - models.database_config - INFO - ✅ Configured PostgreSQL database engine
[bot] [2025-07-01 07:23:34] 2025-07-01 07:23:34,837 - models.database_config - INFO - ✅ Database connection successful
[bot] [2025-07-01 07:23:34] 2025-07-01 07:23:34,840 - models.database_config - INFO - 📊 PostgreSQL Version: PostgreSQL 17.5 on x86_64-pc-linux-gnu, compiled b...
[bot] [2025-07-01 07:23:34] 2025-07-01 07:23:34,939 - models.database_config - INFO - ✅ Database tables created/verified
[bot] [2025-07-01 07:23:34] 2025-07-01 07:23:34,949 - models.database_config - INFO - 📋 Tables in database: blcs_player_mappings, blcs_player_statistics, player_profiles, scheduling_sessions
[bot] [2025-07-01 07:23:34] 2025-07-01 07:23:34,951 - __main__ - INFO - 🔧 Checking for database migrations...
[bot] [2025-07-01 07:23:34] 2025-07-01 07:23:34,967 - __main__ - INFO - ✅ Database schema is up to date
[bot] [2025-07-01 07:23:34] 2025-07-01 07:23:34,969 - __main__ - INFO - ✅ PostgreSQL database initialized successfully
[bot] [2025-07-01 07:23:34] 2025-07-01 07:23:34,969 - __main__ - INFO - 📊 Connected to PostgreSQL: discord-bot-postgresql-do-user-16248210-0.m.db.ondigitalocean.com:25060
[bot] [2025-07-01 07:23:34] 2025-07-01 07:23:34,969 - __main__ - INFO - ✅ BLCSX ballchasing integration initialized
[bot] [2025-07-01 07:23:34] 2025-07-01 07:23:34,969 - __main__ - INFO -    🎮 BLCSX Stats commands available:
[bot] [2025-07-01 07:23:34] 2025-07-01 07:23:34,970 - __main__ - INFO -    /blcs_profile - Comprehensive player profiles
[bot] [2025-07-01 07:23:34] 2025-07-01 07:23:34,970 - __main__ - INFO -    /blcs_leaderboard - Dominance quotient rankings
[bot] [2025-07-01 07:23:34] 2025-07-01 07:23:34,970 - __main__ - INFO -    /blcs_link - Link ballchasing.com account
[bot] [2025-07-01 07:23:34] 2025-07-01 07:23:34,970 - __main__ - INFO -    /blcs_update - Update stats (admin only)
[bot] [2025-07-01 07:23:34] 2025-07-01 07:23:34,970 - __main__ - INFO - ✅ Traditional ballchasing integration initialized
[bot] [2025-07-01 07:23:34] 2025-07-01 07:23:34,971 - __main__ - INFO - ✅ DraftLotteryCog loaded successfully
[bot] [2025-07-01 07:23:34] 2025-07-01 07:23:34,971 - __main__ - INFO - ✅ PlayerProfilesCog loaded successfully
[bot] [2025-07-01 07:23:34] 2025-07-01 07:23:34,972 - __main__ - INFO - ✅ ProfileLinkingCog loaded successfully
[bot] [2025-07-01 07:23:34] 2025-07-01 07:23:34,973 - __main__ - INFO - ✅ BLCSXProfilesCog loaded successfully
[bot] [2025-07-01 07:23:34] 2025-07-01 07:23:34,973 - __main__ - INFO - ✅ EnhancedProfilesCog loaded successfully
[bot] [2025-07-01 07:23:35] 2025-07-01 07:23:35,045 - cogs.blcsx_stats - INFO - PostgreSQL database initialized for BLCS stats
[bot] [2025-07-01 07:23:35] 2025-07-01 07:23:35,046 - cogs.blcsx_stats - INFO - BLCSX Stats Cog initialized
[bot] [2025-07-01 07:23:35] 2025-07-01 07:23:35,047 - __main__ - INFO - ✅ BLCSXStatsCog loaded successfully
[bot] [2025-07-01 07:23:35] 2025-07-01 07:23:35,047 - __main__ - INFO - 🚀 Starting Discord bot...
[bot] [2025-07-01 07:23:35] 2025-07-01 07:23:35,047 - discord.client - INFO - logging in using static token
[bot] [2025-07-01 07:23:35] 2025-07-01 07:23:35,058 - __main__ - INFO - ✅ Health check server started on port 8080
[bot] [2025-07-01 07:23:35] 2025-07-01 07:23:35,344 - discord.gateway - INFO - Shard ID None has sent the IDENTIFY payload.
[bot] [2025-07-01 07:23:35] 2025-07-01 07:23:35,474 - discord.gateway - INFO - Shard ID None has connected to Gateway: ["gateway-prd-us-east1-c-r99b",{"micros":108107,"calls":["id_created",{"micros":409,"calls":[]},"session_lookup_time",{"micros":297,"calls":[]},"session_lookup_finished",{"micros":18,"calls":[]},"discord-sessions-prd-2-113",{"micros":105990,"calls":["start_session",{"micros":54886,"calls":["discord-api-rpc-78fbc5b697-4znj7",{"micros":46455,"calls":["get_user",{"micros":8820},"get_guilds",{"micros":2632},"send_scheduled_deletion_message",{"micros":18},"guild_join_requests",{"micros":617},"authorized_ip_coro",{"micros":15},"pending_payments",{"micros":1597},"apex_experiments",{"micros":4},"user_activities",{"micros":2},"played_application_ids",{"micros":1}]}]},"starting_guild_connect",{"micros":31,"calls":[]},"presence_started",{"micros":40477,"calls":[]},"guilds_started",{"micros":121,"calls":[]},"lobbies_started",{"micros":2,"calls":[]},"guilds_connect",{"micros":1,"calls":[]},"presence_connect",{"micros":10455,"calls":[]},"connect_finished",{"micros":10458,"calls":[]},"build_ready",{"micros":13,"calls":[]},"clean_ready",{"micros":1,"calls":[]},"optimize_ready",{"micros":0,"calls":[]},"split_ready",{"micros":0,"calls":[]}]}]}] (Session ID: e97f4018fc2c887ebb567ed5a8e081b1).
[bot] [2025-07-01 07:23:37] 2025-07-01 07:23:37,491 - __main__ - INFO - ✅ BLCS Bot#6695 has connected to Discord!
[bot] [2025-07-01 07:23:37] 2025-07-01 07:23:37,491 - __main__ - INFO - 📊 Connected to 2 servers
[bot] [2025-07-01 07:23:37] 2025-07-01 07:23:37,491 - __main__ - INFO - ✅ Slash commands auto-synced by py-cord
[bot] [2025-07-01 11:23:26] 2025-07-01 11:23:26,991 - discord.client - INFO - Got a request to RESUME the websocket.
[bot] [2025-07-01 11:23:27] 2025-07-01 11:23:27,095 - discord.gateway - INFO - Shard ID None has sent the RESUME payload.
[bot] [2025-07-01 11:23:27] 2025-07-01 11:23:27,117 - discord.gateway - INFO - Shard ID None has successfully RESUMED session e97f4018fc2c887ebb567ed5a8e081b1 under trace ["gateway-prd-us-east1-c-b0zr",{"micros":980,"calls":["id_created",{"micros":0,"calls":[]},"session_lookup_time",{"micros":604,"calls":[]},"session_lookup_finished",{"micros":9,"calls":[]},"discord-sessions-prd-2-113",{"micros":15}]}].
[bot] [2025-07-01 12:07:48] 2025-07-01 12:07:48,865 - discord.gateway - INFO - Websocket closed with 1006, attempting a reconnect.
[bot] [2025-07-01 12:07:48] 2025-07-01 12:07:48,866 - discord.client - INFO - Got a request to RESUME the websocket.
[bot] [2025-07-01 12:07:48] 2025-07-01 12:07:48,973 - discord.gateway - INFO - Shard ID None has sent the RESUME payload.
[bot] [2025-07-01 12:07:49] 2025-07-01 12:07:49,017 - discord.gateway - INFO - Shard ID None has successfully RESUMED session e97f4018fc2c887ebb567ed5a8e081b1 under trace ["gateway-prd-us-east1-c-3ncm",{"micros":15160,"calls":["id_created",{"micros":0,"calls":[]},"session_lookup_time",{"micros":10356,"calls":[]},"session_lookup_finished",{"micros":9,"calls":[]},"discord-sessions-prd-2-113",{"micros":17}]}].